<?xml version="1.0" encoding="UTF-8"?>
<testng-results ignored="0" total="3" passed="3" failed="0" skipped="0">
  <reporter-output>
  </reporter-output>
  <suite started-at="2021-12-06T15:59:53 NZDT" name="Default suite" finished-at="2021-12-06T16:01:09 NZDT" duration-ms="76637">
    <groups>
    </groups>
    <test started-at="2021-12-06T15:59:53 NZDT" name="Default test" finished-at="2021-12-06T16:01:09 NZDT" duration-ms="76637">
      <class name="StepDefinitions.verifyAuthenticationPageStep">
        <test-method is-config="true" signature="setup()[pri:0, instance:StepDefinitions.verifyAuthenticationPageStep@d6e7bab]" started-at="2021-12-06T15:59:53 NZDT" name="setup" finished-at="2021-12-06T16:00:13 NZDT" duration-ms="20189" status="PASS">
          <reporter-output>
          </reporter-output>
        </test-method> <!-- setup -->
        <test-method signature="MyStorePageTitle()[pri:0, instance:StepDefinitions.verifyAuthenticationPageStep@d6e7bab]" started-at="2021-12-06T16:00:13 NZDT" name="MyStorePageTitle" finished-at="2021-12-06T16:00:13 NZDT" duration-ms="27" status="PASS">
          <reporter-output>
          </reporter-output>
        </test-method> <!-- MyStorePageTitle -->
        <test-method signature="HoverOnWomen()[pri:1, instance:StepDefinitions.verifyAuthenticationPageStep@d6e7bab]" started-at="2021-12-06T16:00:13 NZDT" name="HoverOnWomen" finished-at="2021-12-06T16:01:08 NZDT" duration-ms="55376" status="PASS">
          <reporter-output>
          </reporter-output>
        </test-method> <!-- HoverOnWomen -->
        <test-method signature="AuthenticationPage()[pri:2, instance:StepDefinitions.verifyAuthenticationPageStep@d6e7bab]" started-at="2021-12-06T16:01:08 NZDT" name="AuthenticationPage" finished-at="2021-12-06T16:01:08 NZDT" duration-ms="61" status="PASS">
          <reporter-output>
          </reporter-output>
        </test-method> <!-- AuthenticationPage -->
        <test-method is-config="true" signature="teardown()[pri:0, instance:StepDefinitions.verifyAuthenticationPageStep@d6e7bab]" started-at="2021-12-06T16:01:08 NZDT" name="teardown" finished-at="2021-12-06T16:01:09 NZDT" duration-ms="881" status="PASS">
          <reporter-output>
          </reporter-output>
        </test-method> <!-- teardown -->
      </class> <!-- StepDefinitions.verifyAuthenticationPageStep -->
    </test> <!-- Default test -->
  </suite> <!-- Default suite -->
</testng-results>
