<?xml version="1.0" encoding="UTF-8"?>
<!-- Generated by org.testng.reporters.JUnitXMLReporter -->
<testsuite ignored="0" hostname="DESKTOP-8TB1GUU" failures="0" tests="3" name="Default test" time="76.637" errors="0" timestamp="2021-12-06T16:01:09 NZDT">
  <testcase classname="StepDefinitions.verifyAuthenticationPageStep" name="MyStorePageTitle" time="0.027"/>
  <testcase classname="StepDefinitions.verifyAuthenticationPageStep" name="HoverOnWomen" time="55.376"/>
  <testcase classname="StepDefinitions.verifyAuthenticationPageStep" name="AuthenticationPage" time="0.061"/>
</testsuite> <!-- Default test -->
